<?xml version="1.0" encoding="UTF-8"?>
<!-- Generated by org.testng.reporters.JUnitXMLReporter -->
<testsuite ignored="1" hostname="SivaKrishnan-Home" failures="0" tests="4" name="Default test" time="15.633" errors="0" timestamp="2020-12-28T10:00:57 IST">
  <testcase classname="com.tests.LoginTestScripts" name="testMultipleUserLogins" time="8.08"/>
  <testcase classname="com.tests.LoginTestScripts" name="testMultipleUserLogins" time="0.325"/>
  <testcase classname="com.tests.LoginTestScripts" name="testMultipleUserLogins" time="0.4"/>
  <testcase classname="com.tests.LoginTestScripts" name="testMultipleUserLogins" time="5.343"/>
  <testcase classname="com.tests.LoginTestScripts" name="validateLogin" time="0.0">
    <ignored/>
  </testcase> <!-- validateLogin -->
</testsuite> <!-- Default test -->
