<?xml version="1.0" encoding="UTF-8"?>
<!-- Generated by org.testng.reporters.JUnitXMLReporter -->
<testsuite ignored="1" hostname="SivaKrishnan-Home" failures="0" tests="4" name="Test" time="16.915" errors="0" timestamp="2021-02-01T19:31:19 IST">
  <testcase classname="com.tests.LoginTestScripts" name="testMultipleUserLogins" time="9.026"/>
  <testcase classname="com.tests.LoginTestScripts" name="testMultipleUserLogins" time="0.288"/>
  <testcase classname="com.tests.LoginTestScripts" name="testMultipleUserLogins" time="0.615"/>
  <testcase classname="com.tests.LoginTestScripts" name="testMultipleUserLogins" time="5.361"/>
  <testcase classname="com.tests.LoginTestScripts" name="validateLogin" time="0.0">
    <ignored/>
  </testcase> <!-- validateLogin -->
</testsuite> <!-- Test -->
