<?xml version="1.0" encoding="UTF-8"?>
<testng-results ignored="1" total="5" passed="4" failed="0" skipped="0">
  <reporter-output>
  </reporter-output>
  <suite started-at="2021-02-01T19:31:02 IST" name="Suite" finished-at="2021-02-01T19:31:19 IST" duration-ms="16915">
    <groups>
    </groups>
    <test started-at="2021-02-01T19:31:02 IST" name="Test" finished-at="2021-02-01T19:31:19 IST" duration-ms="16915">
      <class name="com.tests.LoginTestScripts">
        <test-method signature="testMultipleUserLogins(java.lang.String, java.lang.String)[pri:1, instance:com.tests.LoginTestScripts@5b6e8f77]" started-at="2021-02-01T19:31:04 IST" name="testMultipleUserLogins" data-provider="credentials" finished-at="2021-02-01T19:31:13 IST" duration-ms="9026" status="PASS">
          <params>
            <param index="0">
              <value>
                <![CDATA[standard_user]]>
              </value>
            </param>
            <param index="1">
              <value>
                <![CDATA[secret_sauce]]>
              </value>
            </param>
          </params>
          <reporter-output>
          </reporter-output>
        </test-method> <!-- testMultipleUserLogins -->
        <test-method is-config="true" signature="closeBrowser(org.testng.ITestResult)[pri:0, instance:com.tests.LoginTestScripts@5b6e8f77]" started-at="2021-02-01T19:31:13 IST" name="closeBrowser" finished-at="2021-02-01T19:31:13 IST" duration-ms="4" status="PASS">
          <params>
            <param index="0">
              <value>
                <![CDATA[[TestResult name=testMultipleUserLogins status=SUCCESS method=LoginTestScripts.testMultipleUserLogins(java.lang.String, java.lang.String)[pri:1, instance:com.tests.LoginTestScripts@5b6e8f77] output={null}]]]>
              </value>
            </param>
          </params>
          <reporter-output>
          </reporter-output>
        </test-method> <!-- closeBrowser -->
        <test-method signature="testMultipleUserLogins(java.lang.String, java.lang.String)[pri:1, instance:com.tests.LoginTestScripts@5b6e8f77]" started-at="2021-02-01T19:31:13 IST" name="testMultipleUserLogins" data-provider="credentials" finished-at="2021-02-01T19:31:13 IST" duration-ms="288" status="PASS">
          <params>
            <param index="0">
              <value>
                <![CDATA[locked_out_user]]>
              </value>
            </param>
            <param index="1">
              <value>
                <![CDATA[secret_sauce]]>
              </value>
            </param>
          </params>
          <reporter-output>
          </reporter-output>
        </test-method> <!-- testMultipleUserLogins -->
        <test-method is-config="true" signature="closeBrowser(org.testng.ITestResult)[pri:0, instance:com.tests.LoginTestScripts@5b6e8f77]" started-at="2021-02-01T19:31:13 IST" name="closeBrowser" finished-at="2021-02-01T19:31:13 IST" duration-ms="0" status="PASS">
          <params>
            <param index="0">
              <value>
                <![CDATA[[TestResult name=testMultipleUserLogins status=SUCCESS method=LoginTestScripts.testMultipleUserLogins(java.lang.String, java.lang.String)[pri:1, instance:com.tests.LoginTestScripts@5b6e8f77] output={null}]]]>
              </value>
            </param>
          </params>
          <reporter-output>
          </reporter-output>
        </test-method> <!-- closeBrowser -->
        <test-method signature="testMultipleUserLogins(java.lang.String, java.lang.String)[pri:1, instance:com.tests.LoginTestScripts@5b6e8f77]" started-at="2021-02-01T19:31:13 IST" name="testMultipleUserLogins" data-provider="credentials" finished-at="2021-02-01T19:31:14 IST" duration-ms="615" status="PASS">
          <params>
            <param index="0">
              <value>
                <![CDATA[problem_user]]>
              </value>
            </param>
            <param index="1">
              <value>
                <![CDATA[secret_sauce]]>
              </value>
            </param>
          </params>
          <reporter-output>
          </reporter-output>
        </test-method> <!-- testMultipleUserLogins -->
        <test-method is-config="true" signature="closeBrowser(org.testng.ITestResult)[pri:0, instance:com.tests.LoginTestScripts@5b6e8f77]" started-at="2021-02-01T19:31:14 IST" name="closeBrowser" finished-at="2021-02-01T19:31:14 IST" duration-ms="1" status="PASS">
          <params>
            <param index="0">
              <value>
                <![CDATA[[TestResult name=testMultipleUserLogins status=SUCCESS method=LoginTestScripts.testMultipleUserLogins(java.lang.String, java.lang.String)[pri:1, instance:com.tests.LoginTestScripts@5b6e8f77] output={null}]]]>
              </value>
            </param>
          </params>
          <reporter-output>
          </reporter-output>
        </test-method> <!-- closeBrowser -->
        <test-method signature="testMultipleUserLogins(java.lang.String, java.lang.String)[pri:1, instance:com.tests.LoginTestScripts@5b6e8f77]" started-at="2021-02-01T19:31:14 IST" name="testMultipleUserLogins" data-provider="credentials" finished-at="2021-02-01T19:31:19 IST" duration-ms="5361" status="PASS">
          <params>
            <param index="0">
              <value>
                <![CDATA[performance_glitch_user]]>
              </value>
            </param>
            <param index="1">
              <value>
                <![CDATA[secret_sauce]]>
              </value>
            </param>
          </params>
          <reporter-output>
          </reporter-output>
        </test-method> <!-- testMultipleUserLogins -->
        <test-method is-config="true" signature="closeBrowser(org.testng.ITestResult)[pri:0, instance:com.tests.LoginTestScripts@5b6e8f77]" started-at="2021-02-01T19:31:19 IST" name="closeBrowser" finished-at="2021-02-01T19:31:19 IST" duration-ms="0" status="PASS">
          <params>
            <param index="0">
              <value>
                <![CDATA[[TestResult name=testMultipleUserLogins status=SUCCESS method=LoginTestScripts.testMultipleUserLogins(java.lang.String, java.lang.String)[pri:1, instance:com.tests.LoginTestScripts@5b6e8f77] output={null}]]]>
              </value>
            </param>
          </params>
          <reporter-output>
          </reporter-output>
        </test-method> <!-- closeBrowser -->
      </class> <!-- com.tests.LoginTestScripts -->
    </test> <!-- Test -->
  </suite> <!-- Suite -->
</testng-results>
