<?xml version="1.0" encoding="UTF-8"?>
<testsuite xmlns:xsi="http://www.w3.org/2001/XMLSchema-instance" xsi:schemaLocation="https://maven.apache.org/surefire/maven-surefire-plugin/xsd/surefire-test-report.xsd" name="TestSuite" time="18.594" tests="4" errors="0" skipped="0" failures="0">
  <properties>
[...]
</properties>
  <testcase name="testMultipleUserLogins" classname="com.tests.LoginTestScripts" time="9.027"/>
  <testcase name="testMultipleUserLogins" classname="com.tests.LoginTestScripts" time="0.288"/>
  <testcase name="testMultipleUserLogins" classname="com.tests.LoginTestScripts" time="0.615"/>
  <testcase name="testMultipleUserLogins" classname="com.tests.LoginTestScripts" time="5.362"/>
</testsuite>