<?xml version="1.0" encoding="UTF-8"?>
<testng-results ignored="1" total="5" passed="4" failed="0" skipped="0">
  <reporter-output>
  </reporter-output>
  <suite started-at="2020-12-28T10:00:41 IST" name="Default suite" finished-at="2020-12-28T10:00:57 IST" duration-ms="15633">
    <groups>
    </groups>
    <test started-at="2020-12-28T10:00:41 IST" name="Default test" finished-at="2020-12-28T10:00:57 IST" duration-ms="15633">
      <class name="com.tests.LoginTestScripts">
        <test-method signature="testMultipleUserLogins(java.lang.String, java.lang.String)[pri:1, instance:com.tests.LoginTestScripts@7df60067]" started-at="2020-12-28T10:00:43 IST" name="testMultipleUserLogins" data-provider="credentials" finished-at="2020-12-28T10:00:51 IST" duration-ms="8080" status="PASS">
          <params>
            <param index="0">
              <value>
                <![CDATA[standard_user]]>
              </value>
            </param>
            <param index="1">
              <value>
                <![CDATA[secret_sauce]]>
              </value>
            </param>
          </params>
          <reporter-output>
          </reporter-output>
        </test-method> <!-- testMultipleUserLogins -->
        <test-method is-config="true" signature="closeBrowser(org.testng.ITestResult)[pri:0, instance:com.tests.LoginTestScripts@7df60067]" started-at="2020-12-28T10:00:51 IST" name="closeBrowser" finished-at="2020-12-28T10:00:51 IST" duration-ms="3" status="PASS">
          <params>
            <param index="0">
              <value>
                <![CDATA[[TestResult name=testMultipleUserLogins status=SUCCESS method=LoginTestScripts.testMultipleUserLogins(java.lang.String, java.lang.String)[pri:1, instance:com.tests.LoginTestScripts@7df60067] output={null}]]]>
              </value>
            </param>
          </params>
          <reporter-output>
          </reporter-output>
        </test-method> <!-- closeBrowser -->
        <test-method signature="testMultipleUserLogins(java.lang.String, java.lang.String)[pri:1, instance:com.tests.LoginTestScripts@7df60067]" started-at="2020-12-28T10:00:51 IST" name="testMultipleUserLogins" data-provider="credentials" finished-at="2020-12-28T10:00:51 IST" duration-ms="325" status="PASS">
          <params>
            <param index="0">
              <value>
                <![CDATA[locked_out_user]]>
              </value>
            </param>
            <param index="1">
              <value>
                <![CDATA[secret_sauce]]>
              </value>
            </param>
          </params>
          <reporter-output>
          </reporter-output>
        </test-method> <!-- testMultipleUserLogins -->
        <test-method is-config="true" signature="closeBrowser(org.testng.ITestResult)[pri:0, instance:com.tests.LoginTestScripts@7df60067]" started-at="2020-12-28T10:00:51 IST" name="closeBrowser" finished-at="2020-12-28T10:00:51 IST" duration-ms="0" status="PASS">
          <params>
            <param index="0">
              <value>
                <![CDATA[[TestResult name=testMultipleUserLogins status=SUCCESS method=LoginTestScripts.testMultipleUserLogins(java.lang.String, java.lang.String)[pri:1, instance:com.tests.LoginTestScripts@7df60067] output={null}]]]>
              </value>
            </param>
          </params>
          <reporter-output>
          </reporter-output>
        </test-method> <!-- closeBrowser -->
        <test-method signature="testMultipleUserLogins(java.lang.String, java.lang.String)[pri:1, instance:com.tests.LoginTestScripts@7df60067]" started-at="2020-12-28T10:00:51 IST" name="testMultipleUserLogins" data-provider="credentials" finished-at="2020-12-28T10:00:51 IST" duration-ms="400" status="PASS">
          <params>
            <param index="0">
              <value>
                <![CDATA[problem_user]]>
              </value>
            </param>
            <param index="1">
              <value>
                <![CDATA[secret_sauce]]>
              </value>
            </param>
          </params>
          <reporter-output>
          </reporter-output>
        </test-method> <!-- testMultipleUserLogins -->
        <test-method is-config="true" signature="closeBrowser(org.testng.ITestResult)[pri:0, instance:com.tests.LoginTestScripts@7df60067]" started-at="2020-12-28T10:00:51 IST" name="closeBrowser" finished-at="2020-12-28T10:00:51 IST" duration-ms="0" status="PASS">
          <params>
            <param index="0">
              <value>
                <![CDATA[[TestResult name=testMultipleUserLogins status=SUCCESS method=LoginTestScripts.testMultipleUserLogins(java.lang.String, java.lang.String)[pri:1, instance:com.tests.LoginTestScripts@7df60067] output={null}]]]>
              </value>
            </param>
          </params>
          <reporter-output>
          </reporter-output>
        </test-method> <!-- closeBrowser -->
        <test-method signature="testMultipleUserLogins(java.lang.String, java.lang.String)[pri:1, instance:com.tests.LoginTestScripts@7df60067]" started-at="2020-12-28T10:00:51 IST" name="testMultipleUserLogins" data-provider="credentials" finished-at="2020-12-28T10:00:57 IST" duration-ms="5343" status="PASS">
          <params>
            <param index="0">
              <value>
                <![CDATA[performance_glitch_user]]>
              </value>
            </param>
            <param index="1">
              <value>
                <![CDATA[secret_sauce]]>
              </value>
            </param>
          </params>
          <reporter-output>
          </reporter-output>
        </test-method> <!-- testMultipleUserLogins -->
        <test-method is-config="true" signature="closeBrowser(org.testng.ITestResult)[pri:0, instance:com.tests.LoginTestScripts@7df60067]" started-at="2020-12-28T10:00:57 IST" name="closeBrowser" finished-at="2020-12-28T10:00:57 IST" duration-ms="1" status="PASS">
          <params>
            <param index="0">
              <value>
                <![CDATA[[TestResult name=testMultipleUserLogins status=SUCCESS method=LoginTestScripts.testMultipleUserLogins(java.lang.String, java.lang.String)[pri:1, instance:com.tests.LoginTestScripts@7df60067] output={null}]]]>
              </value>
            </param>
          </params>
          <reporter-output>
          </reporter-output>
        </test-method> <!-- closeBrowser -->
      </class> <!-- com.tests.LoginTestScripts -->
    </test> <!-- Default test -->
  </suite> <!-- Default suite -->
</testng-results>
